<?xml version="1.0" encoding="UTF-8"?>
<!-- Generated by org.testng.reporters.JUnitReportReporter -->
<testsuite hostname="CBELAP-054" name="BWV_Package.Send_Email" tests="3" failures="0" timestamp="20 May 2019 08:12:09 GMT" time="2.165" errors="1">
  <testcase name="Properties_config" time="0.457" classname="BWV_Package.Send_Email"/>
  <testcase name="get_results" time="0.001" classname="BWV_Package.Send_Email"/>
  <testcase name="mail_configuration" time="1.707" classname="BWV_Package.Send_Email">
    <error type="java.lang.RuntimeException" message="javax.mail.SendFailedException: Invalid Addresses;
  nested exception is:
	com.sun.mail.smtp.SMTPAddressFailedException: 554 5.7.1 &lt;unknown[106.51.49.134]&gt;: Client host rejected: Access denied
;
  nested exception is:
	com.sun.mail.smtp.SMTPAddressFailedException: 554 5.7.1 &lt;unknown[106.51.49.134]&gt;: Client host rejected: Access denied
">
      <![CDATA[java.lang.RuntimeException: javax.mail.SendFailedException: Invalid Addresses;
  nested exception is:
	com.sun.mail.smtp.SMTPAddressFailedException: 554 5.7.1 <unknown[106.51.49.134]>: Client host rejected: Access denied
;
  nested exception is:
	com.sun.mail.smtp.SMTPAddressFailedException: 554 5.7.1 <unknown[106.51.49.134]>: Client host rejected: Access denied

	at BWV_Package.Send_Email.mail_configuration(Send_Email.java:185)
	at sun.reflect.NativeMethodAccessorImpl.invoke0(Native Method)
	at sun.reflect.NativeMethodAccessorImpl.invoke(Unknown Source)
	at sun.reflect.DelegatingMethodAccessorImpl.invoke(Unknown Source)
	at java.lang.reflect.Method.invoke(Unknown Source)
	at org.testng.internal.MethodInvocationHelper.invokeMethod(MethodInvocationHelper.java:74)
	at org.testng.internal.Invoker.invokeMethod(Invoker.java:673)
	at org.testng.internal.Invoker.invokeTestMethod(Invoker.java:846)
	at org.testng.internal.Invoker.invokeTestMethods(Invoker.java:1170)
	at org.testng.internal.TestMethodWorker.invokeTestMethods(TestMethodWorker.java:125)
	at org.testng.internal.TestMethodWorker.run(TestMethodWorker.java:109)
	at org.testng.TestRunner.runWorkers(TestRunner.java:1147)
	at org.testng.TestRunner.privateRun(TestRunner.java:749)
	at org.testng.TestRunner.run(TestRunner.java:600)
	at org.testng.SuiteRunner.runTest(SuiteRunner.java:317)
	at org.testng.SuiteRunner.runSequentially(SuiteRunner.java:312)
	at org.testng.SuiteRunner.privateRun(SuiteRunner.java:274)
	at org.testng.SuiteRunner.run(SuiteRunner.java:223)
	at org.testng.SuiteRunnerWorker.runSuite(SuiteRunnerWorker.java:52)
	at org.testng.SuiteRunnerWorker.run(SuiteRunnerWorker.java:86)
	at org.testng.TestNG.runSuitesSequentially(TestNG.java:1039)
	at org.testng.TestNG.runSuitesLocally(TestNG.java:964)
	at org.testng.TestNG.run(TestNG.java:900)
	at org.testng.remote.AbstractRemoteTestNG.run(AbstractRemoteTestNG.java:114)
	at org.testng.remote.RemoteTestNG.initAndRun(RemoteTestNG.java:251)
	at org.testng.remote.RemoteTestNG.main(RemoteTestNG.java:77)
Caused by: javax.mail.SendFailedException: Invalid Addresses;
  nested exception is:
	com.sun.mail.smtp.SMTPAddressFailedException: 554 5.7.1 <unknown[106.51.49.134]>: Client host rejected: Access denied
;
  nested exception is:
	com.sun.mail.smtp.SMTPAddressFailedException: 554 5.7.1 <unknown[106.51.49.134]>: Client host rejected: Access denied

	at com.sun.mail.smtp.SMTPTransport.rcptTo(SMTPTransport.java:2079)
	at com.sun.mail.smtp.SMTPTransport.sendMessage(SMTPTransport.java:1301)
	at javax.mail.Transport.send0(Transport.java:255)
	at javax.mail.Transport.send(Transport.java:124)
	at BWV_Package.Send_Email.mail_configuration(Send_Email.java:176)
	... 25 more
Caused by: com.sun.mail.smtp.SMTPAddressFailedException: 554 5.7.1 <unknown[106.51.49.134]>: Client host rejected: Access denied
;
  nested exception is:
	com.sun.mail.smtp.SMTPAddressFailedException: 554 5.7.1 <unknown[106.51.49.134]>: Client host rejected: Access denied

	at com.sun.mail.smtp.SMTPTransport.rcptTo(SMTPTransport.java:1979)
	... 29 more
Caused by: com.sun.mail.smtp.SMTPAddressFailedException: 554 5.7.1 <unknown[106.51.49.134]>: Client host rejected: Access denied

	... 30 more
]]>
    </error>
  </testcase>
</testsuite>
