<?xml version="1.0" encoding="UTF-8"?>
<!-- Generated by org.testng.reporters.JUnitReportReporter -->
<testsuite hostname="CBELAP-054" name="BWV_Package.Get_token" tests="1" failures="0" timestamp="20 May 2019 08:12:09 GMT" time="0.231" errors="0">
  <testcase name="Properties_config" time="0.231" classname="BWV_Package.Get_token"/>
</testsuite>
