<?xml version="1.0" encoding="UTF-8"?>
<!-- Generated by org.testng.reporters.JUnitReportReporter -->
<testsuite hostname="CBELAP-054" name="BWV_Package.Report_generate" tests="8" failures="0" timestamp="20 May 2019 08:12:09 GMT" time="3.527" errors="0">
  <testcase name="Get_values" time="0.437" classname="BWV_Package.Report_generate"/>
  <testcase name="Write_Tot_Cont_off_wise" time="0.051" classname="BWV_Package.Report_generate"/>
  <testcase name="Write_Totrecords" time="0.420" classname="BWV_Package.Report_generate"/>
  <testcase name="Generate_Token" time="2.178" classname="BWV_Package.Report_generate"/>
  <testcase name="Write_Totalaction" time="0.021" classname="BWV_Package.Report_generate"/>
  <testcase name="Properties_config" time="0.031" classname="BWV_Package.Report_generate"/>
  <testcase name="Write_Totalcount" time="0.064" classname="BWV_Package.Report_generate"/>
  <testcase name="Write_allfiles" time="0.325" classname="BWV_Package.Report_generate"/>
</testsuite>
